e:\c++\opengl\opengl\x64\debug\vc142.pdb
e:\c++\opengl\opengl\x64\debug\vc142.idb
e:\c++\opengl\opengl\x64\debug\openglapp.obj
e:\c++\opengl\opengl\x64\debug\main.obj
e:\c++\opengl\opengl\x64\debug\gametimer.obj
e:\c++\opengl\opengl\x64\debug\vector4.obj
e:\c++\opengl\opengl\x64\debug\vector3.obj
e:\c++\opengl\opengl\x64\debug\vector2.obj
e:\c++\opengl\opengl\x64\debug\quaternion.obj
e:\c++\opengl\opengl\x64\debug\matrix3.obj
e:\c++\opengl\opengl\x64\debug\matrix4.obj
e:\c++\opengl\opengl\x64\debug\matrix3x4.obj
e:\c++\opengl\opengl\x64\debug\gameapp.obj
e:\c++\opengl\opengl\x64\debug\color.obj
e:\c++\opengl\opengl\x64\debug\graphicsdefs.obj
e:\c++\opengl\opengl\x64\debug\graphics.obj
e:\c++\opengl\opengl\x64\debug\oglgraphics.obj
e:\c++\opengl\opengl\x64\debug\gpuobject.obj
e:\c++\opengl\opengl\x64\debug\vertexbuffer.obj
e:\c++\opengl\opengl\x64\debug\indexbuffer.obj
e:\c++\opengl\opengl\x64\debug\vertextypes.obj
e:\c++\opengl\opengl\x64\debug\vaoobject.obj
e:\c++\opengl\opengl\x64\debug\node.obj
e:\c++\opengl\opengl\x64\debug\gameobject.obj
e:\c++\opengl\opengl\x64\debug\log.obj
e:\c++\opengl\opengl\x64\debug\asset.obj
e:\c++\opengl\opengl\x64\debug\shader.obj
e:\c++\opengl\opengl\x64\debug\path.obj
e:\c++\opengl\opengl\x64\debug\math.obj
e:\c++\opengl\opengl\x64\debug\image.obj
e:\c++\opengl\opengl\x64\debug\fbo.obj
e:\c++\opengl\opengl\x64\debug\buffer.obj
e:\c++\opengl\opengl\x64\debug\vao.obj
e:\c++\opengl\opengl\x64\debug\texture.obj
e:\c++\opengl\opengl\x64\debug\sampler.obj
e:\c++\opengl\opengl\x64\debug\sync.obj
e:\c++\opengl\opengl\x64\debug\material.obj
e:\c++\opengl\opengl\x64\debug\vc143.pdb
e:\c++\opengl\opengl\x64\debug\vc143.idb
e:\c++\opengl\opengl\x64\debug\mesh.obj
e:\c++\opengl\opengl\x64\debug\clock.obj
e:\c++\opengl\opengl\x64\debug\camera.obj
e:\c++\opengl\opengl\x64\debug\window.obj
e:\c++\opengl\opengl\x64\debug\input.obj
e:\c++\opengl\opengl\x64\debug\transform.obj
e:\c++\opengl\opengl\x64\debug\light.obj
e:\c++\opengl\opengl\x64\debug\glad.obj
e:\c++\opengl\x64\debug\opengl.exe
e:\c++\opengl\opengl\x64\debug\opengl.ilk
e:\c++\opengl\x64\debug\opengl.pdb
e:\c++\opengl\opengl\x64\debug\opengl.obj
e:\c++\opengl\opengl\x64\debug\opengl.tlog\cl.command.1.tlog
e:\c++\opengl\opengl\x64\debug\opengl.tlog\cl.read.1.tlog
e:\c++\opengl\opengl\x64\debug\opengl.tlog\cl.write.1.tlog
e:\c++\opengl\opengl\x64\debug\opengl.tlog\link.command.1.tlog
e:\c++\opengl\opengl\x64\debug\opengl.tlog\link.read.1.tlog
e:\c++\opengl\opengl\x64\debug\opengl.tlog\link.write.1.tlog
